<?xml version="1.0" encoding="UTF-8"?>
<testsuite xmlns:xsi="http://www.w3.org/2001/XMLSchema-instance" xsi:noNamespaceSchemaLocation="https://maven.apache.org/surefire/maven-failsafe-plugin/xsd/failsafe-test-report.xsd" name="Car check" time="127.17" tests="4" errors="0" skipped="0" failures="3">
  <properties>
    <property name="sun.desktop" value="windows"/>
    <property name="awt.toolkit" value="sun.awt.windows.WToolkit"/>
    <property name="java.specification.version" value="11"/>
    <property name="webdriver.chrome.driver" value="C:\Users\devadath.tabeti\.cache\selenium\chromedriver\win32\107.0.5304.62\chromedriver.exe"/>
    <property name="sun.cpu.isalist" value="amd64"/>
    <property name="sun.jnu.encoding" value="Cp1252"/>
    <property name="java.class.path" value="C:\Users\devadath.tabeti\techTest\target\test-classes;C:\Users\devadath.tabeti\techTest\target\techTest-1.0-SNAPSHOT.jar;C:\Users\devadath.tabeti\.m2\repository\net\serenity-bdd\serenity-core\2.4.24\serenity-core-2.4.24.jar;C:\Users\devadath.tabeti\.m2\repository\net\serenity-bdd\serenity-model\2.4.24\serenity-model-2.4.24.jar;C:\Users\devadath.tabeti\.m2\repository\org\apache\commons\commons-text\1.9\commons-text-1.9.jar;C:\Users\devadath.tabeti\.m2\repository\commons-net\commons-net\3.6\commons-net-3.6.jar;C:\Users\devadath.tabeti\.m2\repository\com\google\guava\guava\30.1-jre\guava-30.1-jre.jar;C:\Users\devadath.tabeti\.m2\repository\com\google\guava\failureaccess\1.0.1\failureaccess-1.0.1.jar;C:\Users\devadath.tabeti\.m2\repository\com\google\guava\listenablefuture\9999.0-empty-to-avoid-conflict-with-guava\listenablefuture-9999.0-empty-to-avoid-conflict-with-guava.jar;C:\Users\devadath.tabeti\.m2\repository\com\google\code\findbugs\jsr305\3.0.2\jsr305-3.0.2.jar;C:\Users\devadath.tabeti\.m2\repository\org\checkerframework\checker-qual\3.5.0\checker-qual-3.5.0.jar;C:\Users\devadath.tabeti\.m2\repository\com\google\errorprone\error_prone_annotations\2.3.4\error_prone_annotations-2.3.4.jar;C:\Users\devadath.tabeti\.m2\repository\com\google\j2objc\j2objc-annotations\1.3\j2objc-annotations-1.3.jar;C:\Users\devadath.tabeti\.m2\repository\com\google\inject\guice\5.0.1\guice-5.0.1.jar;C:\Users\devadath.tabeti\.m2\repository\javax\inject\javax.inject\1\javax.inject-1.jar;C:\Users\devadath.tabeti\.m2\repository\aopalliance\aopalliance\1.0\aopalliance-1.0.jar;C:\Users\devadath.tabeti\.m2\repository\org\jsoup\jsoup\1.13.1\jsoup-1.13.1.jar;C:\Users\devadath.tabeti\.m2\repository\com\thoughtworks\xstream\xstream\1.4.16\xstream-1.4.16.jar;C:\Users\devadath.tabeti\.m2\repository\io\github\x-stream\mxparser\1.2.1\mxparser-1.2.1.jar;C:\Users\devadath.tabeti\.m2\repository\xmlpull\xmlpull\1.1.3.1\xmlpull-1.1.3.1.jar;C:\Users\devadath.tabeti\.m2\repository\io\cucumber\cucumber-core\6.10.2\cucumber-core-6.10.2.jar;C:\Users\devadath.tabeti\.m2\repository\io\cucumber\cucumber-gherkin\6.10.2\cucumber-gherkin-6.10.2.jar;C:\Users\devadath.tabeti\.m2\repository\io\cucumber\cucumber-gherkin-messages\6.10.2\cucumber-gherkin-messages-6.10.2.jar;C:\Users\devadath.tabeti\.m2\repository\io\cucumber\messages\14.0.1\messages-14.0.1.jar;C:\Users\devadath.tabeti\.m2\repository\io\cucumber\tag-expressions\3.0.0\tag-expressions-3.0.0.jar;C:\Users\devadath.tabeti\.m2\repository\io\cucumber\cucumber-expressions\10.3.0\cucumber-expressions-10.3.0.jar;C:\Users\devadath.tabeti\.m2\repository\io\cucumber\cucumber-plugin\6.10.2\cucumber-plugin-6.10.2.jar;C:\Users\devadath.tabeti\.m2\repository\io\cucumber\docstring\6.10.2\docstring-6.10.2.jar;C:\Users\devadath.tabeti\.m2\repository\io\cucumber\html-formatter\12.0.0\html-formatter-12.0.0.jar;C:\Users\devadath.tabeti\.m2\repository\io\cucumber\create-meta\3.0.0\create-meta-3.0.0.jar;C:\Users\devadath.tabeti\.m2\repository\com\typesafe\config\1.3.1\config-1.3.1.jar;C:\Users\devadath.tabeti\.m2\repository\org\imgscalr\imgscalr-lib\4.2\imgscalr-lib-4.2.jar;C:\Users\devadath.tabeti\.m2\repository\org\awaitility\awaitility\4.0.3\awaitility-4.0.3.jar;C:\Users\devadath.tabeti\.m2\repository\org\freemarker\freemarker\2.3.29\freemarker-2.3.29.jar;C:\Users\devadath.tabeti\.m2\repository\net\sourceforge\jexcelapi\jxl\2.6.12\jxl-2.6.12.jar;C:\Users\devadath.tabeti\.m2\repository\org\asciidoctor\asciidoctorj\1.5.6\asciidoctorj-1.5.6.jar;C:\Users\devadath.tabeti\.m2\repository\org\jruby\jruby-complete\1.7.26\jruby-complete-1.7.26.jar;C:\Users\devadath.tabeti\.m2\repository\net\bytebuddy\byte-buddy\1.10.10\byte-buddy-1.10.10.jar;C:\Users\devadath.tabeti\.m2\repository\net\bytebuddy\byte-buddy-agent\1.10.10\byte-buddy-agent-1.10.10.jar;C:\Users\devadath.tabeti\.m2\repository\org\objenesis\objenesis\3.1\objenesis-3.1.jar;C:\Users\devadath.tabeti\.m2\repository\net\serenity-bdd\serenity-reports\2.4.24\serenity-reports-2.4.24.jar;C:\Users\devadath.tabeti\.m2\repository\net\serenity-bdd\serenity-stats\2.4.24\serenity-stats-2.4.24.jar;C:\Users\devadath.tabeti\.m2\repository\net\serenity-bdd\serenity-reports-configuration\2.4.24\serenity-reports-configuration-2.4.24.jar;C:\Users\devadath.tabeti\.m2\repository\com\vladsch\flexmark\flexmark-all\0.34.30\flexmark-all-0.34.30.jar;C:\Users\devadath.tabeti\.m2\repository\com\vladsch\flexmark\flexmark\0.34.30\flexmark-0.34.30.jar;C:\Users\devadath.tabeti\.m2\repository\com\vladsch\flexmark\flexmark-ext-abbreviation\0.34.30\flexmark-ext-abbreviation-0.34.30.jar;C:\Users\devadath.tabeti\.m2\repository\com\vladsch\flexmark\flexmark-ext-admonition\0.34.30\flexmark-ext-admonition-0.34.30.jar;C:\Users\devadath.tabeti\.m2\repository\com\vladsch\flexmark\flexmark-ext-anchorlink\0.34.30\flexmark-ext-anchorlink-0.34.30.jar;C:\Users\devadath.tabeti\.m2\repository\com\vladsch\flexmark\flexmark-ext-aside\0.34.30\flexmark-ext-aside-0.34.30.jar;C:\Users\devadath.tabeti\.m2\repository\com\vladsch\flexmark\flexmark-ext-attributes\0.34.30\flexmark-ext-attributes-0.34.30.jar;C:\Users\devadath.tabeti\.m2\repository\com\vladsch\flexmark\flexmark-ext-autolink\0.34.30\flexmark-ext-autolink-0.34.30.jar;C:\Users\devadath.tabeti\.m2\repository\org\nibor\autolink\autolink\0.6.0\autolink-0.6.0.jar;C:\Users\devadath.tabeti\.m2\repository\com\vladsch\flexmark\flexmark-ext-definition\0.34.30\flexmark-ext-definition-0.34.30.jar;C:\Users\devadath.tabeti\.m2\repository\com\vladsch\flexmark\flexmark-ext-emoji\0.34.30\flexmark-ext-emoji-0.34.30.jar;C:\Users\devadath.tabeti\.m2\repository\com\vladsch\flexmark\flexmark-ext-enumerated-reference\0.34.30\flexmark-ext-enumerated-reference-0.34.30.jar;C:\Users\devadath.tabeti\.m2\repository\com\vladsch\flexmark\flexmark-ext-escaped-character\0.34.30\flexmark-ext-escaped-character-0.34.30.jar;C:\Users\devadath.tabeti\.m2\repository\com\vladsch\flexmark\flexmark-ext-footnotes\0.34.30\flexmark-ext-footnotes-0.34.30.jar;C:\Users\devadath.tabeti\.m2\repository\com\vladsch\flexmark\flexmark-ext-gfm-issues\0.34.30\flexmark-ext-gfm-issues-0.34.30.jar;C:\Users\devadath.tabeti\.m2\repository\com\vladsch\flexmark\flexmark-ext-gfm-strikethrough\0.34.30\flexmark-ext-gfm-strikethrough-0.34.30.jar;C:\Users\devadath.tabeti\.m2\repository\com\vladsch\flexmark\flexmark-ext-gfm-tables\0.34.30\flexmark-ext-gfm-tables-0.34.30.jar;C:\Users\devadath.tabeti\.m2\repository\com\vladsch\flexmark\flexmark-ext-gfm-tasklist\0.34.30\flexmark-ext-gfm-tasklist-0.34.30.jar;C:\Users\devadath.tabeti\.m2\repository\com\vladsch\flexmark\flexmark-ext-gfm-users\0.34.30\flexmark-ext-gfm-users-0.34.30.jar;C:\Users\devadath.tabeti\.m2\repository\com\vladsch\flexmark\flexmark-ext-gitlab\0.34.30\flexmark-ext-gitlab-0.34.30.jar;C:\Users\devadath.tabeti\.m2\repository\com\vladsch\flexmark\flexmark-ext-jekyll-front-matter\0.34.30\flexmark-ext-jekyll-front-matter-0.34.30.jar;C:\Users\devadath.tabeti\.m2\repository\com\vladsch\flexmark\flexmark-ext-jekyll-tag\0.34.30\flexmark-ext-jekyll-tag-0.34.30.jar;C:\Users\devadath.tabeti\.m2\repository\com\vladsch\flexmark\flexmark-ext-media-tags\0.34.30\flexmark-ext-media-tags-0.34.30.jar;C:\Users\devadath.tabeti\.m2\repository\com\vladsch\flexmark\flexmark-test-util\0.34.30\flexmark-test-util-0.34.30.jar;C:\Users\devadath.tabeti\.m2\repository\com\vladsch\flexmark\flexmark-ext-ins\0.34.30\flexmark-ext-ins-0.34.30.jar;C:\Users\devadath.tabeti\.m2\repository\com\vladsch\flexmark\flexmark-ext-xwiki-macros\0.34.30\flexmark-ext-xwiki-macros-0.34.30.jar;C:\Users\devadath.tabeti\.m2\repository\com\vladsch\flexmark\flexmark-ext-superscript\0.34.30\flexmark-ext-superscript-0.34.30.jar;C:\Users\devadath.tabeti\.m2\repository\com\vladsch\flexmark\flexmark-ext-tables\0.34.30\flexmark-ext-tables-0.34.30.jar;C:\Users\devadath.tabeti\.m2\repository\com\vladsch\flexmark\flexmark-ext-toc\0.34.30\flexmark-ext-toc-0.34.30.jar;C:\Users\devadath.tabeti\.m2\repository\com\vladsch\flexmark\flexmark-ext-typographic\0.34.30\flexmark-ext-typographic-0.34.30.jar;C:\Users\devadath.tabeti\.m2\repository\com\vladsch\flexmark\flexmark-ext-wikilink\0.34.30\flexmark-ext-wikilink-0.34.30.jar;C:\Users\devadath.tabeti\.m2\repository\com\vladsch\flexmark\flexmark-ext-yaml-front-matter\0.34.30\flexmark-ext-yaml-front-matter-0.34.30.jar;C:\Users\devadath.tabeti\.m2\repository\com\vladsch\flexmark\flexmark-ext-youtube-embedded\0.34.30\flexmark-ext-youtube-embedded-0.34.30.jar;C:\Users\devadath.tabeti\.m2\repository\com\vladsch\flexmark\flexmark-formatter\0.34.30\flexmark-formatter-0.34.30.jar;C:\Users\devadath.tabeti\.m2\repository\com\vladsch\flexmark\flexmark-html-parser\0.34.30\flexmark-html-parser-0.34.30.jar;C:\Users\devadath.tabeti\.m2\repository\com\vladsch\flexmark\flexmark-jira-converter\0.34.30\flexmark-jira-converter-0.34.30.jar;C:\Users\devadath.tabeti\.m2\repository\com\vladsch\flexmark\flexmark-pdf-converter\0.34.30\flexmark-pdf-converter-0.34.30.jar;C:\Users\devadath.tabeti\.m2\repository\com\openhtmltopdf\openhtmltopdf-core\0.0.1-RC13\openhtmltopdf-core-0.0.1-RC13.jar;C:\Users\devadath.tabeti\.m2\repository\com\openhtmltopdf\openhtmltopdf-pdfbox\0.0.1-RC13\openhtmltopdf-pdfbox-0.0.1-RC13.jar;C:\Users\devadath.tabeti\.m2\repository\org\apache\pdfbox\pdfbox\2.0.8\pdfbox-2.0.8.jar;C:\Users\devadath.tabeti\.m2\repository\org\apache\pdfbox\fontbox\2.0.8\fontbox-2.0.8.jar;C:\Users\devadath.tabeti\.m2\repository\org\apache\pdfbox\xmpbox\2.0.8\xmpbox-2.0.8.jar;C:\Users\devadath.tabeti\.m2\repository\de\rototor\pdfbox\graphics2d\0.12\graphics2d-0.12.jar;C:\Users\devadath.tabeti\.m2\repository\com\openhtmltopdf\openhtmltopdf-rtl-support\0.0.1-RC13\openhtmltopdf-rtl-support-0.0.1-RC13.jar;C:\Users\devadath.tabeti\.m2\repository\com\ibm\icu\icu4j\59.1\icu4j-59.1.jar;C:\Users\devadath.tabeti\.m2\repository\com\openhtmltopdf\openhtmltopdf-jsoup-dom-converter\0.0.1-RC13\openhtmltopdf-jsoup-dom-converter-0.0.1-RC13.jar;C:\Users\devadath.tabeti\.m2\repository\com\vladsch\flexmark\flexmark-profile-pegdown\0.34.30\flexmark-profile-pegdown-0.34.30.jar;C:\Users\devadath.tabeti\.m2\repository\com\vladsch\flexmark\flexmark-util\0.34.30\flexmark-util-0.34.30.jar;C:\Users\devadath.tabeti\.m2\repository\com\vladsch\flexmark\flexmark-youtrack-converter\0.34.30\flexmark-youtrack-converter-0.34.30.jar;C:\Users\devadath.tabeti\.m2\repository\es\nitaur\markdown\txtmark\0.16\txtmark-0.16.jar;C:\Users\devadath.tabeti\.m2\repository\net\serenity-bdd\serenity-report-resources\2.4.24\serenity-report-resources-2.4.24.jar;C:\Users\devadath.tabeti\.m2\repository\com\google\code\gson\gson\2.8.6\gson-2.8.6.jar;C:\Users\devadath.tabeti\.m2\repository\commons-codec\commons-codec\1.15\commons-codec-1.15.jar;C:\Users\devadath.tabeti\.m2\repository\commons-io\commons-io\2.8.0\commons-io-2.8.0.jar;C:\Users\devadath.tabeti\.m2\repository\org\seleniumhq\selenium\selenium-server\3.141.59\selenium-server-3.141.59.jar;C:\Users\devadath.tabeti\.m2\repository\org\seleniumhq\selenium\selenium-opera-driver\3.141.59\selenium-opera-driver-3.141.59.jar;C:\Users\devadath.tabeti\.m2\repository\org\seleniumhq\selenium\selenium-remote-driver\3.141.59\selenium-remote-driver-3.141.59.jar;C:\Users\devadath.tabeti\.m2\repository\org\seleniumhq\selenium\selenium-safari-driver\3.141.59\selenium-safari-driver-3.141.59.jar;C:\Users\devadath.tabeti\.m2\repository\com\beust\jcommander\1.72\jcommander-1.72.jar;C:\Users\devadath.tabeti\.m2\repository\org\apache\commons\commons-exec\1.3\commons-exec-1.3.jar;C:\Users\devadath.tabeti\.m2\repository\net\jcip\jcip-annotations\1.0\jcip-annotations-1.0.jar;C:\Users\devadath.tabeti\.m2\repository\org\seleniumhq\selenium\jetty-repacked\9.4.12.v20180830\jetty-repacked-9.4.12.v20180830.jar;C:\Users\devadath.tabeti\.m2\repository\com\squareup\okhttp3\okhttp\3.11.0\okhttp-3.11.0.jar;C:\Users\devadath.tabeti\.m2\repository\com\squareup\okio\okio\1.14.0\okio-1.14.0.jar;C:\Users\devadath.tabeti\.m2\repository\javax\servlet\javax.servlet-api\3.1.0\javax.servlet-api-3.1.0.jar;C:\Users\devadath.tabeti\.m2\repository\org\yaml\snakeyaml\1.19\snakeyaml-1.19.jar;C:\Users\devadath.tabeti\.m2\repository\org\seleniumhq\selenium\selenium-java\3.141.59\selenium-java-3.141.59.jar;C:\Users\devadath.tabeti\.m2\repository\org\seleniumhq\selenium\selenium-api\3.141.59\selenium-api-3.141.59.jar;C:\Users\devadath.tabeti\.m2\repository\org\seleniumhq\selenium\selenium-support\3.141.59\selenium-support-3.141.59.jar;C:\Users\devadath.tabeti\.m2\repository\org\seleniumhq\selenium\selenium-chrome-driver\3.141.59\selenium-chrome-driver-3.141.59.jar;C:\Users\devadath.tabeti\.m2\repository\org\seleniumhq\selenium\selenium-firefox-driver\3.141.59\selenium-firefox-driver-3.141.59.jar;C:\Users\devadath.tabeti\.m2\repository\org\seleniumhq\selenium\selenium-edge-driver\3.141.59\selenium-edge-driver-3.141.59.jar;C:\Users\devadath.tabeti\.m2\repository\org\seleniumhq\selenium\selenium-ie-driver\3.141.59\selenium-ie-driver-3.141.59.jar;C:\Users\devadath.tabeti\.m2\repository\net\sourceforge\htmlunit\htmlunit\2.47.1\htmlunit-2.47.1.jar;C:\Users\devadath.tabeti\.m2\repository\xalan\xalan\2.7.2\xalan-2.7.2.jar;C:\Users\devadath.tabeti\.m2\repository\xalan\serializer\2.7.2\serializer-2.7.2.jar;C:\Users\devadath.tabeti\.m2\repository\org\apache\httpcomponents\httpmime\4.5.13\httpmime-4.5.13.jar;C:\Users\devadath.tabeti\.m2\repository\org\apache\httpcomponents\httpclient\4.5.13\httpclient-4.5.13.jar;C:\Users\devadath.tabeti\.m2\repository\org\apache\httpcomponents\httpcore\4.4.13\httpcore-4.4.13.jar;C:\Users\devadath.tabeti\.m2\repository\net\sourceforge\htmlunit\htmlunit-core-js\2.47.0\htmlunit-core-js-2.47.0.jar;C:\Users\devadath.tabeti\.m2\repository\net\sourceforge\htmlunit\neko-htmlunit\2.47.1\neko-htmlunit-2.47.1.jar;C:\Users\devadath.tabeti\.m2\repository\xerces\xercesImpl\2.12.0\xercesImpl-2.12.0.jar;C:\Users\devadath.tabeti\.m2\repository\xml-apis\xml-apis\1.4.01\xml-apis-1.4.01.jar;C:\Users\devadath.tabeti\.m2\repository\net\sourceforge\htmlunit\htmlunit-cssparser\1.7.0\htmlunit-cssparser-1.7.0.jar;C:\Users\devadath.tabeti\.m2\repository\org\brotli\dec\0.1.2\dec-0.1.2.jar;C:\Users\devadath.tabeti\.m2\repository\com\shapesecurity\salvation2\3.0.0\salvation2-3.0.0.jar;C:\Users\devadath.tabeti\.m2\repository\org\eclipse\jetty\websocket\websocket-client\9.4.36.v20210114\websocket-client-9.4.36.v20210114.jar;C:\Users\devadath.tabeti\.m2\repository\org\eclipse\jetty\jetty-client\9.4.36.v20210114\jetty-client-9.4.36.v20210114.jar;C:\Users\devadath.tabeti\.m2\repository\org\eclipse\jetty\jetty-http\9.4.36.v20210114\jetty-http-9.4.36.v20210114.jar;C:\Users\devadath.tabeti\.m2\repository\org\eclipse\jetty\jetty-util\9.4.36.v20210114\jetty-util-9.4.36.v20210114.jar;C:\Users\devadath.tabeti\.m2\repository\org\eclipse\jetty\jetty-io\9.4.36.v20210114\jetty-io-9.4.36.v20210114.jar;C:\Users\devadath.tabeti\.m2\repository\org\eclipse\jetty\websocket\websocket-common\9.4.36.v20210114\websocket-common-9.4.36.v20210114.jar;C:\Users\devadath.tabeti\.m2\repository\org\eclipse\jetty\websocket\websocket-api\9.4.36.v20210114\websocket-api-9.4.36.v20210114.jar;C:\Users\devadath.tabeti\.m2\repository\org\seleniumhq\selenium\htmlunit-driver\2.47.1\htmlunit-driver-2.47.1.jar;C:\Users\devadath.tabeti\.m2\repository\com\codeborne\phantomjsdriver\1.4.4\phantomjsdriver-1.4.4.jar;C:\Users\devadath.tabeti\.m2\repository\io\appium\java-client\7.5.1\java-client-7.5.1.jar;C:\Users\devadath.tabeti\.m2\repository\commons-validator\commons-validator\1.7\commons-validator-1.7.jar;C:\Users\devadath.tabeti\.m2\repository\commons-digester\commons-digester\2.1\commons-digester-2.1.jar;C:\Users\devadath.tabeti\.m2\repository\org\aspectj\aspectjweaver\1.9.6\aspectjweaver-1.9.6.jar;C:\Users\devadath.tabeti\.m2\repository\org\codehaus\groovy\groovy\3.0.8\groovy-3.0.8.jar;C:\Users\devadath.tabeti\.m2\repository\net\sf\opencsv\opencsv\2.0\opencsv-2.0.jar;C:\Users\devadath.tabeti\.m2\repository\commons-beanutils\commons-beanutils\1.9.4\commons-beanutils-1.9.4.jar;C:\Users\devadath.tabeti\.m2\repository\org\apache\commons\commons-lang3\3.11\commons-lang3-3.11.jar;C:\Users\devadath.tabeti\.m2\repository\commons-collections\commons-collections\3.2.2\commons-collections-3.2.2.jar;C:\Users\devadath.tabeti\.m2\repository\org\fluentlenium\fluentlenium-core\0.10.2\fluentlenium-core-0.10.2.jar;C:\Users\devadath.tabeti\.m2\repository\io\github\bonigarcia\webdrivermanager\4.4.1\webdrivermanager-4.4.1.jar;C:\Users\devadath.tabeti\.m2\repository\org\apache\httpcomponents\client5\httpclient5\5.0.3\httpclient5-5.0.3.jar;C:\Users\devadath.tabeti\.m2\repository\org\apache\httpcomponents\core5\httpcore5\5.0.2\httpcore5-5.0.2.jar;C:\Users\devadath.tabeti\.m2\repository\org\apache\httpcomponents\core5\httpcore5-h2\5.0.2\httpcore5-h2-5.0.2.jar;C:\Users\devadath.tabeti\.m2\repository\org\rauschig\jarchivelib\1.1.0\jarchivelib-1.1.0.jar;C:\Users\devadath.tabeti\.m2\repository\org\apache\commons\commons-compress\1.20\commons-compress-1.20.jar;C:\Users\devadath.tabeti\.m2\repository\com\jhlabs\filters\2.0.235\filters-2.0.235.jar;C:\Users\devadath.tabeti\.m2\repository\com\assertthat\selenium-shutterbug\1.4\selenium-shutterbug-1.4.jar;C:\Users\devadath.tabeti\.m2\repository\org\projectlombok\lombok\1.18.8\lombok-1.18.8.jar;C:\Users\devadath.tabeti\.m2\repository\com\github\zafarkhaja\java-semver\0.9.0\java-semver-0.9.0.jar;C:\Users\devadath.tabeti\.m2\repository\ru\yandex\qatools\ashot\ashot\1.5.4\ashot-1.5.4.jar;C:\Users\devadath.tabeti\.m2\repository\com\paulhammant\ngwebdriver\1.1.5\ngwebdriver-1.1.5.jar;C:\Users\devadath.tabeti\.m2\repository\joda-time\joda-time\2.8.2\joda-time-2.8.2.jar;C:\Users\devadath.tabeti\.m2\repository\org\hamcrest\hamcrest\2.2\hamcrest-2.2.jar;C:\Users\devadath.tabeti\.m2\repository\com\google\jimfs\jimfs\1.1\jimfs-1.1.jar;C:\Users\devadath.tabeti\.m2\repository\org\mockito\mockito-core\3.3.3\mockito-core-3.3.3.jar;C:\Users\devadath.tabeti\.m2\repository\javax\xml\bind\jaxb-api\2.3.1\jaxb-api-2.3.1.jar;C:\Users\devadath.tabeti\.m2\repository\javax\activation\javax.activation-api\1.2.0\javax.activation-api-1.2.0.jar;C:\Users\devadath.tabeti\.m2\repository\com\sun\xml\bind\jaxb-core\2.3.0.1\jaxb-core-2.3.0.1.jar;C:\Users\devadath.tabeti\.m2\repository\com\sun\xml\bind\jaxb-impl\2.3.3\jaxb-impl-2.3.3.jar;C:\Users\devadath.tabeti\.m2\repository\jakarta\xml\bind\jakarta.xml.bind-api\2.3.3\jakarta.xml.bind-api-2.3.3.jar;C:\Users\devadath.tabeti\.m2\repository\com\sun\activation\jakarta.activation\1.2.2\jakarta.activation-1.2.2.jar;C:\Users\devadath.tabeti\.m2\repository\javax\activation\activation\1.1.1\activation-1.1.1.jar;C:\Users\devadath.tabeti\.m2\repository\net\serenity-bdd\serenity-cucumber6\2.4.24\serenity-cucumber6-2.4.24.jar;C:\Users\devadath.tabeti\.m2\repository\io\cucumber\cucumber-java\6.10.2\cucumber-java-6.10.2.jar;C:\Users\devadath.tabeti\.m2\repository\org\apiguardian\apiguardian-api\1.1.1\apiguardian-api-1.1.1.jar;C:\Users\devadath.tabeti\.m2\repository\io\cucumber\cucumber-junit\6.10.2\cucumber-junit-6.10.2.jar;C:\Users\devadath.tabeti\.m2\repository\io\cucumber\datatable-matchers\3.4.0\datatable-matchers-3.4.0.jar;C:\Users\devadath.tabeti\.m2\repository\io\cucumber\datatable\3.4.0\datatable-3.4.0.jar;C:\Users\devadath.tabeti\.m2\repository\commons-logging\commons-logging\1.2\commons-logging-1.2.jar;C:\Users\devadath.tabeti\.m2\repository\org\apache\commons\commons-csv\1.5\commons-csv-1.5.jar;C:\Users\devadath.tabeti\.m2\repository\net\serenity-bdd\serenity-screenplay\2.4.24\serenity-screenplay-2.4.24.jar;C:\Users\devadath.tabeti\.m2\repository\net\serenity-bdd\serenity-screenplay-webdriver\2.4.24\serenity-screenplay-webdriver-2.4.24.jar;C:\Users\devadath.tabeti\.m2\repository\net\serenity-bdd\serenity-ensure\2.4.24\serenity-ensure-2.4.24.jar;C:\Users\devadath.tabeti\.m2\repository\net\serenity-bdd\serenity-junit\2.4.24\serenity-junit-2.4.24.jar;C:\Users\devadath.tabeti\.m2\repository\org\jetbrains\kotlin\kotlin-stdlib\1.4.31\kotlin-stdlib-1.4.31.jar;C:\Users\devadath.tabeti\.m2\repository\org\jetbrains\kotlin\kotlin-stdlib-common\1.4.31\kotlin-stdlib-common-1.4.31.jar;C:\Users\devadath.tabeti\.m2\repository\org\jetbrains\annotations\13.0\annotations-13.0.jar;C:\Users\devadath.tabeti\.m2\repository\junit\junit\4.13.2\junit-4.13.2.jar;C:\Users\devadath.tabeti\.m2\repository\org\hamcrest\hamcrest-core\1.3\hamcrest-core-1.3.jar;C:\Users\devadath.tabeti\.m2\repository\ch\qos\logback\logback-classic\1.0.13\logback-classic-1.0.13.jar;C:\Users\devadath.tabeti\.m2\repository\ch\qos\logback\logback-core\1.0.13\logback-core-1.0.13.jar;C:\Users\devadath.tabeti\.m2\repository\org\assertj\assertj-core\3.6.2\assertj-core-3.6.2.jar;C:\Users\devadath.tabeti\.m2\repository\com\deque\axe-selenium\3.0\axe-selenium-3.0.jar;C:\Users\devadath.tabeti\.m2\repository\org\json\json\20160212\json-20160212.jar;C:\Users\devadath.tabeti\.m2\repository\org\slf4j\slf4j-api\1.7.32\slf4j-api-1.7.32.jar;"/>
    <property name="java.vm.vendor" value="Oracle Corporation"/>
    <property name="sun.arch.data.model" value="64"/>
    <property name="user.variant" value=""/>
    <property name="java.vendor.url" value="https://openjdk.java.net/"/>
    <property name="user.timezone" value="Europe/London"/>
    <property name="java.vm.specification.version" value="11"/>
    <property name="os.name" value="Windows 10"/>
    <property name="sun.java.launcher" value="SUN_STANDARD"/>
    <property name="user.country" value="GB"/>
    <property name="sun.boot.library.path" value="C:\Program Files\Java\jdk-11.0.11\bin"/>
    <property name="sun.java.command" value="C:\Users\DEVADA~1.TAB\AppData\Local\Temp\surefire14538128916582241256\surefirebooter13022959202234345340.jar C:\Users\devadath.tabeti\AppData\Local\Temp\surefire14538128916582241256 2022-11-06T16-32-51_847-jvmRun1 surefire8939115412205233750tmp surefire_015507167893518684692tmp"/>
    <property name="jdk.debug" value="release"/>
    <property name="surefire.test.class.path" value="C:\Users\devadath.tabeti\techTest\target\test-classes;C:\Users\devadath.tabeti\techTest\target\techTest-1.0-SNAPSHOT.jar;C:\Users\devadath.tabeti\.m2\repository\net\serenity-bdd\serenity-core\2.4.24\serenity-core-2.4.24.jar;C:\Users\devadath.tabeti\.m2\repository\net\serenity-bdd\serenity-model\2.4.24\serenity-model-2.4.24.jar;C:\Users\devadath.tabeti\.m2\repository\org\apache\commons\commons-text\1.9\commons-text-1.9.jar;C:\Users\devadath.tabeti\.m2\repository\commons-net\commons-net\3.6\commons-net-3.6.jar;C:\Users\devadath.tabeti\.m2\repository\com\google\guava\guava\30.1-jre\guava-30.1-jre.jar;C:\Users\devadath.tabeti\.m2\repository\com\google\guava\failureaccess\1.0.1\failureaccess-1.0.1.jar;C:\Users\devadath.tabeti\.m2\repository\com\google\guava\listenablefuture\9999.0-empty-to-avoid-conflict-with-guava\listenablefuture-9999.0-empty-to-avoid-conflict-with-guava.jar;C:\Users\devadath.tabeti\.m2\repository\com\google\code\findbugs\jsr305\3.0.2\jsr305-3.0.2.jar;C:\Users\devadath.tabeti\.m2\repository\org\checkerframework\checker-qual\3.5.0\checker-qual-3.5.0.jar;C:\Users\devadath.tabeti\.m2\repository\com\google\errorprone\error_prone_annotations\2.3.4\error_prone_annotations-2.3.4.jar;C:\Users\devadath.tabeti\.m2\repository\com\google\j2objc\j2objc-annotations\1.3\j2objc-annotations-1.3.jar;C:\Users\devadath.tabeti\.m2\repository\com\google\inject\guice\5.0.1\guice-5.0.1.jar;C:\Users\devadath.tabeti\.m2\repository\javax\inject\javax.inject\1\javax.inject-1.jar;C:\Users\devadath.tabeti\.m2\repository\aopalliance\aopalliance\1.0\aopalliance-1.0.jar;C:\Users\devadath.tabeti\.m2\repository\org\jsoup\jsoup\1.13.1\jsoup-1.13.1.jar;C:\Users\devadath.tabeti\.m2\repository\com\thoughtworks\xstream\xstream\1.4.16\xstream-1.4.16.jar;C:\Users\devadath.tabeti\.m2\repository\io\github\x-stream\mxparser\1.2.1\mxparser-1.2.1.jar;C:\Users\devadath.tabeti\.m2\repository\xmlpull\xmlpull\1.1.3.1\xmlpull-1.1.3.1.jar;C:\Users\devadath.tabeti\.m2\repository\io\cucumber\cucumber-core\6.10.2\cucumber-core-6.10.2.jar;C:\Users\devadath.tabeti\.m2\repository\io\cucumber\cucumber-gherkin\6.10.2\cucumber-gherkin-6.10.2.jar;C:\Users\devadath.tabeti\.m2\repository\io\cucumber\cucumber-gherkin-messages\6.10.2\cucumber-gherkin-messages-6.10.2.jar;C:\Users\devadath.tabeti\.m2\repository\io\cucumber\messages\14.0.1\messages-14.0.1.jar;C:\Users\devadath.tabeti\.m2\repository\io\cucumber\tag-expressions\3.0.0\tag-expressions-3.0.0.jar;C:\Users\devadath.tabeti\.m2\repository\io\cucumber\cucumber-expressions\10.3.0\cucumber-expressions-10.3.0.jar;C:\Users\devadath.tabeti\.m2\repository\io\cucumber\cucumber-plugin\6.10.2\cucumber-plugin-6.10.2.jar;C:\Users\devadath.tabeti\.m2\repository\io\cucumber\docstring\6.10.2\docstring-6.10.2.jar;C:\Users\devadath.tabeti\.m2\repository\io\cucumber\html-formatter\12.0.0\html-formatter-12.0.0.jar;C:\Users\devadath.tabeti\.m2\repository\io\cucumber\create-meta\3.0.0\create-meta-3.0.0.jar;C:\Users\devadath.tabeti\.m2\repository\com\typesafe\config\1.3.1\config-1.3.1.jar;C:\Users\devadath.tabeti\.m2\repository\org\imgscalr\imgscalr-lib\4.2\imgscalr-lib-4.2.jar;C:\Users\devadath.tabeti\.m2\repository\org\awaitility\awaitility\4.0.3\awaitility-4.0.3.jar;C:\Users\devadath.tabeti\.m2\repository\org\freemarker\freemarker\2.3.29\freemarker-2.3.29.jar;C:\Users\devadath.tabeti\.m2\repository\net\sourceforge\jexcelapi\jxl\2.6.12\jxl-2.6.12.jar;C:\Users\devadath.tabeti\.m2\repository\org\asciidoctor\asciidoctorj\1.5.6\asciidoctorj-1.5.6.jar;C:\Users\devadath.tabeti\.m2\repository\org\jruby\jruby-complete\1.7.26\jruby-complete-1.7.26.jar;C:\Users\devadath.tabeti\.m2\repository\net\bytebuddy\byte-buddy\1.10.10\byte-buddy-1.10.10.jar;C:\Users\devadath.tabeti\.m2\repository\net\bytebuddy\byte-buddy-agent\1.10.10\byte-buddy-agent-1.10.10.jar;C:\Users\devadath.tabeti\.m2\repository\org\objenesis\objenesis\3.1\objenesis-3.1.jar;C:\Users\devadath.tabeti\.m2\repository\net\serenity-bdd\serenity-reports\2.4.24\serenity-reports-2.4.24.jar;C:\Users\devadath.tabeti\.m2\repository\net\serenity-bdd\serenity-stats\2.4.24\serenity-stats-2.4.24.jar;C:\Users\devadath.tabeti\.m2\repository\net\serenity-bdd\serenity-reports-configuration\2.4.24\serenity-reports-configuration-2.4.24.jar;C:\Users\devadath.tabeti\.m2\repository\com\vladsch\flexmark\flexmark-all\0.34.30\flexmark-all-0.34.30.jar;C:\Users\devadath.tabeti\.m2\repository\com\vladsch\flexmark\flexmark\0.34.30\flexmark-0.34.30.jar;C:\Users\devadath.tabeti\.m2\repository\com\vladsch\flexmark\flexmark-ext-abbreviation\0.34.30\flexmark-ext-abbreviation-0.34.30.jar;C:\Users\devadath.tabeti\.m2\repository\com\vladsch\flexmark\flexmark-ext-admonition\0.34.30\flexmark-ext-admonition-0.34.30.jar;C:\Users\devadath.tabeti\.m2\repository\com\vladsch\flexmark\flexmark-ext-anchorlink\0.34.30\flexmark-ext-anchorlink-0.34.30.jar;C:\Users\devadath.tabeti\.m2\repository\com\vladsch\flexmark\flexmark-ext-aside\0.34.30\flexmark-ext-aside-0.34.30.jar;C:\Users\devadath.tabeti\.m2\repository\com\vladsch\flexmark\flexmark-ext-attributes\0.34.30\flexmark-ext-attributes-0.34.30.jar;C:\Users\devadath.tabeti\.m2\repository\com\vladsch\flexmark\flexmark-ext-autolink\0.34.30\flexmark-ext-autolink-0.34.30.jar;C:\Users\devadath.tabeti\.m2\repository\org\nibor\autolink\autolink\0.6.0\autolink-0.6.0.jar;C:\Users\devadath.tabeti\.m2\repository\com\vladsch\flexmark\flexmark-ext-definition\0.34.30\flexmark-ext-definition-0.34.30.jar;C:\Users\devadath.tabeti\.m2\repository\com\vladsch\flexmark\flexmark-ext-emoji\0.34.30\flexmark-ext-emoji-0.34.30.jar;C:\Users\devadath.tabeti\.m2\repository\com\vladsch\flexmark\flexmark-ext-enumerated-reference\0.34.30\flexmark-ext-enumerated-reference-0.34.30.jar;C:\Users\devadath.tabeti\.m2\repository\com\vladsch\flexmark\flexmark-ext-escaped-character\0.34.30\flexmark-ext-escaped-character-0.34.30.jar;C:\Users\devadath.tabeti\.m2\repository\com\vladsch\flexmark\flexmark-ext-footnotes\0.34.30\flexmark-ext-footnotes-0.34.30.jar;C:\Users\devadath.tabeti\.m2\repository\com\vladsch\flexmark\flexmark-ext-gfm-issues\0.34.30\flexmark-ext-gfm-issues-0.34.30.jar;C:\Users\devadath.tabeti\.m2\repository\com\vladsch\flexmark\flexmark-ext-gfm-strikethrough\0.34.30\flexmark-ext-gfm-strikethrough-0.34.30.jar;C:\Users\devadath.tabeti\.m2\repository\com\vladsch\flexmark\flexmark-ext-gfm-tables\0.34.30\flexmark-ext-gfm-tables-0.34.30.jar;C:\Users\devadath.tabeti\.m2\repository\com\vladsch\flexmark\flexmark-ext-gfm-tasklist\0.34.30\flexmark-ext-gfm-tasklist-0.34.30.jar;C:\Users\devadath.tabeti\.m2\repository\com\vladsch\flexmark\flexmark-ext-gfm-users\0.34.30\flexmark-ext-gfm-users-0.34.30.jar;C:\Users\devadath.tabeti\.m2\repository\com\vladsch\flexmark\flexmark-ext-gitlab\0.34.30\flexmark-ext-gitlab-0.34.30.jar;C:\Users\devadath.tabeti\.m2\repository\com\vladsch\flexmark\flexmark-ext-jekyll-front-matter\0.34.30\flexmark-ext-jekyll-front-matter-0.34.30.jar;C:\Users\devadath.tabeti\.m2\repository\com\vladsch\flexmark\flexmark-ext-jekyll-tag\0.34.30\flexmark-ext-jekyll-tag-0.34.30.jar;C:\Users\devadath.tabeti\.m2\repository\com\vladsch\flexmark\flexmark-ext-media-tags\0.34.30\flexmark-ext-media-tags-0.34.30.jar;C:\Users\devadath.tabeti\.m2\repository\com\vladsch\flexmark\flexmark-test-util\0.34.30\flexmark-test-util-0.34.30.jar;C:\Users\devadath.tabeti\.m2\repository\com\vladsch\flexmark\flexmark-ext-ins\0.34.30\flexmark-ext-ins-0.34.30.jar;C:\Users\devadath.tabeti\.m2\repository\com\vladsch\flexmark\flexmark-ext-xwiki-macros\0.34.30\flexmark-ext-xwiki-macros-0.34.30.jar;C:\Users\devadath.tabeti\.m2\repository\com\vladsch\flexmark\flexmark-ext-superscript\0.34.30\flexmark-ext-superscript-0.34.30.jar;C:\Users\devadath.tabeti\.m2\repository\com\vladsch\flexmark\flexmark-ext-tables\0.34.30\flexmark-ext-tables-0.34.30.jar;C:\Users\devadath.tabeti\.m2\repository\com\vladsch\flexmark\flexmark-ext-toc\0.34.30\flexmark-ext-toc-0.34.30.jar;C:\Users\devadath.tabeti\.m2\repository\com\vladsch\flexmark\flexmark-ext-typographic\0.34.30\flexmark-ext-typographic-0.34.30.jar;C:\Users\devadath.tabeti\.m2\repository\com\vladsch\flexmark\flexmark-ext-wikilink\0.34.30\flexmark-ext-wikilink-0.34.30.jar;C:\Users\devadath.tabeti\.m2\repository\com\vladsch\flexmark\flexmark-ext-yaml-front-matter\0.34.30\flexmark-ext-yaml-front-matter-0.34.30.jar;C:\Users\devadath.tabeti\.m2\repository\com\vladsch\flexmark\flexmark-ext-youtube-embedded\0.34.30\flexmark-ext-youtube-embedded-0.34.30.jar;C:\Users\devadath.tabeti\.m2\repository\com\vladsch\flexmark\flexmark-formatter\0.34.30\flexmark-formatter-0.34.30.jar;C:\Users\devadath.tabeti\.m2\repository\com\vladsch\flexmark\flexmark-html-parser\0.34.30\flexmark-html-parser-0.34.30.jar;C:\Users\devadath.tabeti\.m2\repository\com\vladsch\flexmark\flexmark-jira-converter\0.34.30\flexmark-jira-converter-0.34.30.jar;C:\Users\devadath.tabeti\.m2\repository\com\vladsch\flexmark\flexmark-pdf-converter\0.34.30\flexmark-pdf-converter-0.34.30.jar;C:\Users\devadath.tabeti\.m2\repository\com\openhtmltopdf\openhtmltopdf-core\0.0.1-RC13\openhtmltopdf-core-0.0.1-RC13.jar;C:\Users\devadath.tabeti\.m2\repository\com\openhtmltopdf\openhtmltopdf-pdfbox\0.0.1-RC13\openhtmltopdf-pdfbox-0.0.1-RC13.jar;C:\Users\devadath.tabeti\.m2\repository\org\apache\pdfbox\pdfbox\2.0.8\pdfbox-2.0.8.jar;C:\Users\devadath.tabeti\.m2\repository\org\apache\pdfbox\fontbox\2.0.8\fontbox-2.0.8.jar;C:\Users\devadath.tabeti\.m2\repository\org\apache\pdfbox\xmpbox\2.0.8\xmpbox-2.0.8.jar;C:\Users\devadath.tabeti\.m2\repository\de\rototor\pdfbox\graphics2d\0.12\graphics2d-0.12.jar;C:\Users\devadath.tabeti\.m2\repository\com\openhtmltopdf\openhtmltopdf-rtl-support\0.0.1-RC13\openhtmltopdf-rtl-support-0.0.1-RC13.jar;C:\Users\devadath.tabeti\.m2\repository\com\ibm\icu\icu4j\59.1\icu4j-59.1.jar;C:\Users\devadath.tabeti\.m2\repository\com\openhtmltopdf\openhtmltopdf-jsoup-dom-converter\0.0.1-RC13\openhtmltopdf-jsoup-dom-converter-0.0.1-RC13.jar;C:\Users\devadath.tabeti\.m2\repository\com\vladsch\flexmark\flexmark-profile-pegdown\0.34.30\flexmark-profile-pegdown-0.34.30.jar;C:\Users\devadath.tabeti\.m2\repository\com\vladsch\flexmark\flexmark-util\0.34.30\flexmark-util-0.34.30.jar;C:\Users\devadath.tabeti\.m2\repository\com\vladsch\flexmark\flexmark-youtrack-converter\0.34.30\flexmark-youtrack-converter-0.34.30.jar;C:\Users\devadath.tabeti\.m2\repository\es\nitaur\markdown\txtmark\0.16\txtmark-0.16.jar;C:\Users\devadath.tabeti\.m2\repository\net\serenity-bdd\serenity-report-resources\2.4.24\serenity-report-resources-2.4.24.jar;C:\Users\devadath.tabeti\.m2\repository\com\google\code\gson\gson\2.8.6\gson-2.8.6.jar;C:\Users\devadath.tabeti\.m2\repository\commons-codec\commons-codec\1.15\commons-codec-1.15.jar;C:\Users\devadath.tabeti\.m2\repository\commons-io\commons-io\2.8.0\commons-io-2.8.0.jar;C:\Users\devadath.tabeti\.m2\repository\org\seleniumhq\selenium\selenium-server\3.141.59\selenium-server-3.141.59.jar;C:\Users\devadath.tabeti\.m2\repository\org\seleniumhq\selenium\selenium-opera-driver\3.141.59\selenium-opera-driver-3.141.59.jar;C:\Users\devadath.tabeti\.m2\repository\org\seleniumhq\selenium\selenium-remote-driver\3.141.59\selenium-remote-driver-3.141.59.jar;C:\Users\devadath.tabeti\.m2\repository\org\seleniumhq\selenium\selenium-safari-driver\3.141.59\selenium-safari-driver-3.141.59.jar;C:\Users\devadath.tabeti\.m2\repository\com\beust\jcommander\1.72\jcommander-1.72.jar;C:\Users\devadath.tabeti\.m2\repository\org\apache\commons\commons-exec\1.3\commons-exec-1.3.jar;C:\Users\devadath.tabeti\.m2\repository\net\jcip\jcip-annotations\1.0\jcip-annotations-1.0.jar;C:\Users\devadath.tabeti\.m2\repository\org\seleniumhq\selenium\jetty-repacked\9.4.12.v20180830\jetty-repacked-9.4.12.v20180830.jar;C:\Users\devadath.tabeti\.m2\repository\com\squareup\okhttp3\okhttp\3.11.0\okhttp-3.11.0.jar;C:\Users\devadath.tabeti\.m2\repository\com\squareup\okio\okio\1.14.0\okio-1.14.0.jar;C:\Users\devadath.tabeti\.m2\repository\javax\servlet\javax.servlet-api\3.1.0\javax.servlet-api-3.1.0.jar;C:\Users\devadath.tabeti\.m2\repository\org\yaml\snakeyaml\1.19\snakeyaml-1.19.jar;C:\Users\devadath.tabeti\.m2\repository\org\seleniumhq\selenium\selenium-java\3.141.59\selenium-java-3.141.59.jar;C:\Users\devadath.tabeti\.m2\repository\org\seleniumhq\selenium\selenium-api\3.141.59\selenium-api-3.141.59.jar;C:\Users\devadath.tabeti\.m2\repository\org\seleniumhq\selenium\selenium-support\3.141.59\selenium-support-3.141.59.jar;C:\Users\devadath.tabeti\.m2\repository\org\seleniumhq\selenium\selenium-chrome-driver\3.141.59\selenium-chrome-driver-3.141.59.jar;C:\Users\devadath.tabeti\.m2\repository\org\seleniumhq\selenium\selenium-firefox-driver\3.141.59\selenium-firefox-driver-3.141.59.jar;C:\Users\devadath.tabeti\.m2\repository\org\seleniumhq\selenium\selenium-edge-driver\3.141.59\selenium-edge-driver-3.141.59.jar;C:\Users\devadath.tabeti\.m2\repository\org\seleniumhq\selenium\selenium-ie-driver\3.141.59\selenium-ie-driver-3.141.59.jar;C:\Users\devadath.tabeti\.m2\repository\net\sourceforge\htmlunit\htmlunit\2.47.1\htmlunit-2.47.1.jar;C:\Users\devadath.tabeti\.m2\repository\xalan\xalan\2.7.2\xalan-2.7.2.jar;C:\Users\devadath.tabeti\.m2\repository\xalan\serializer\2.7.2\serializer-2.7.2.jar;C:\Users\devadath.tabeti\.m2\repository\org\apache\httpcomponents\httpmime\4.5.13\httpmime-4.5.13.jar;C:\Users\devadath.tabeti\.m2\repository\org\apache\httpcomponents\httpclient\4.5.13\httpclient-4.5.13.jar;C:\Users\devadath.tabeti\.m2\repository\org\apache\httpcomponents\httpcore\4.4.13\httpcore-4.4.13.jar;C:\Users\devadath.tabeti\.m2\repository\net\sourceforge\htmlunit\htmlunit-core-js\2.47.0\htmlunit-core-js-2.47.0.jar;C:\Users\devadath.tabeti\.m2\repository\net\sourceforge\htmlunit\neko-htmlunit\2.47.1\neko-htmlunit-2.47.1.jar;C:\Users\devadath.tabeti\.m2\repository\xerces\xercesImpl\2.12.0\xercesImpl-2.12.0.jar;C:\Users\devadath.tabeti\.m2\repository\xml-apis\xml-apis\1.4.01\xml-apis-1.4.01.jar;C:\Users\devadath.tabeti\.m2\repository\net\sourceforge\htmlunit\htmlunit-cssparser\1.7.0\htmlunit-cssparser-1.7.0.jar;C:\Users\devadath.tabeti\.m2\repository\org\brotli\dec\0.1.2\dec-0.1.2.jar;C:\Users\devadath.tabeti\.m2\repository\com\shapesecurity\salvation2\3.0.0\salvation2-3.0.0.jar;C:\Users\devadath.tabeti\.m2\repository\org\eclipse\jetty\websocket\websocket-client\9.4.36.v20210114\websocket-client-9.4.36.v20210114.jar;C:\Users\devadath.tabeti\.m2\repository\org\eclipse\jetty\jetty-client\9.4.36.v20210114\jetty-client-9.4.36.v20210114.jar;C:\Users\devadath.tabeti\.m2\repository\org\eclipse\jetty\jetty-http\9.4.36.v20210114\jetty-http-9.4.36.v20210114.jar;C:\Users\devadath.tabeti\.m2\repository\org\eclipse\jetty\jetty-util\9.4.36.v20210114\jetty-util-9.4.36.v20210114.jar;C:\Users\devadath.tabeti\.m2\repository\org\eclipse\jetty\jetty-io\9.4.36.v20210114\jetty-io-9.4.36.v20210114.jar;C:\Users\devadath.tabeti\.m2\repository\org\eclipse\jetty\websocket\websocket-common\9.4.36.v20210114\websocket-common-9.4.36.v20210114.jar;C:\Users\devadath.tabeti\.m2\repository\org\eclipse\jetty\websocket\websocket-api\9.4.36.v20210114\websocket-api-9.4.36.v20210114.jar;C:\Users\devadath.tabeti\.m2\repository\org\seleniumhq\selenium\htmlunit-driver\2.47.1\htmlunit-driver-2.47.1.jar;C:\Users\devadath.tabeti\.m2\repository\com\codeborne\phantomjsdriver\1.4.4\phantomjsdriver-1.4.4.jar;C:\Users\devadath.tabeti\.m2\repository\io\appium\java-client\7.5.1\java-client-7.5.1.jar;C:\Users\devadath.tabeti\.m2\repository\commons-validator\commons-validator\1.7\commons-validator-1.7.jar;C:\Users\devadath.tabeti\.m2\repository\commons-digester\commons-digester\2.1\commons-digester-2.1.jar;C:\Users\devadath.tabeti\.m2\repository\org\aspectj\aspectjweaver\1.9.6\aspectjweaver-1.9.6.jar;C:\Users\devadath.tabeti\.m2\repository\org\codehaus\groovy\groovy\3.0.8\groovy-3.0.8.jar;C:\Users\devadath.tabeti\.m2\repository\net\sf\opencsv\opencsv\2.0\opencsv-2.0.jar;C:\Users\devadath.tabeti\.m2\repository\commons-beanutils\commons-beanutils\1.9.4\commons-beanutils-1.9.4.jar;C:\Users\devadath.tabeti\.m2\repository\org\apache\commons\commons-lang3\3.11\commons-lang3-3.11.jar;C:\Users\devadath.tabeti\.m2\repository\commons-collections\commons-collections\3.2.2\commons-collections-3.2.2.jar;C:\Users\devadath.tabeti\.m2\repository\org\fluentlenium\fluentlenium-core\0.10.2\fluentlenium-core-0.10.2.jar;C:\Users\devadath.tabeti\.m2\repository\io\github\bonigarcia\webdrivermanager\4.4.1\webdrivermanager-4.4.1.jar;C:\Users\devadath.tabeti\.m2\repository\org\apache\httpcomponents\client5\httpclient5\5.0.3\httpclient5-5.0.3.jar;C:\Users\devadath.tabeti\.m2\repository\org\apache\httpcomponents\core5\httpcore5\5.0.2\httpcore5-5.0.2.jar;C:\Users\devadath.tabeti\.m2\repository\org\apache\httpcomponents\core5\httpcore5-h2\5.0.2\httpcore5-h2-5.0.2.jar;C:\Users\devadath.tabeti\.m2\repository\org\rauschig\jarchivelib\1.1.0\jarchivelib-1.1.0.jar;C:\Users\devadath.tabeti\.m2\repository\org\apache\commons\commons-compress\1.20\commons-compress-1.20.jar;C:\Users\devadath.tabeti\.m2\repository\com\jhlabs\filters\2.0.235\filters-2.0.235.jar;C:\Users\devadath.tabeti\.m2\repository\com\assertthat\selenium-shutterbug\1.4\selenium-shutterbug-1.4.jar;C:\Users\devadath.tabeti\.m2\repository\org\projectlombok\lombok\1.18.8\lombok-1.18.8.jar;C:\Users\devadath.tabeti\.m2\repository\com\github\zafarkhaja\java-semver\0.9.0\java-semver-0.9.0.jar;C:\Users\devadath.tabeti\.m2\repository\ru\yandex\qatools\ashot\ashot\1.5.4\ashot-1.5.4.jar;C:\Users\devadath.tabeti\.m2\repository\com\paulhammant\ngwebdriver\1.1.5\ngwebdriver-1.1.5.jar;C:\Users\devadath.tabeti\.m2\repository\joda-time\joda-time\2.8.2\joda-time-2.8.2.jar;C:\Users\devadath.tabeti\.m2\repository\org\hamcrest\hamcrest\2.2\hamcrest-2.2.jar;C:\Users\devadath.tabeti\.m2\repository\com\google\jimfs\jimfs\1.1\jimfs-1.1.jar;C:\Users\devadath.tabeti\.m2\repository\org\mockito\mockito-core\3.3.3\mockito-core-3.3.3.jar;C:\Users\devadath.tabeti\.m2\repository\javax\xml\bind\jaxb-api\2.3.1\jaxb-api-2.3.1.jar;C:\Users\devadath.tabeti\.m2\repository\javax\activation\javax.activation-api\1.2.0\javax.activation-api-1.2.0.jar;C:\Users\devadath.tabeti\.m2\repository\com\sun\xml\bind\jaxb-core\2.3.0.1\jaxb-core-2.3.0.1.jar;C:\Users\devadath.tabeti\.m2\repository\com\sun\xml\bind\jaxb-impl\2.3.3\jaxb-impl-2.3.3.jar;C:\Users\devadath.tabeti\.m2\repository\jakarta\xml\bind\jakarta.xml.bind-api\2.3.3\jakarta.xml.bind-api-2.3.3.jar;C:\Users\devadath.tabeti\.m2\repository\com\sun\activation\jakarta.activation\1.2.2\jakarta.activation-1.2.2.jar;C:\Users\devadath.tabeti\.m2\repository\javax\activation\activation\1.1.1\activation-1.1.1.jar;C:\Users\devadath.tabeti\.m2\repository\net\serenity-bdd\serenity-cucumber6\2.4.24\serenity-cucumber6-2.4.24.jar;C:\Users\devadath.tabeti\.m2\repository\io\cucumber\cucumber-java\6.10.2\cucumber-java-6.10.2.jar;C:\Users\devadath.tabeti\.m2\repository\org\apiguardian\apiguardian-api\1.1.1\apiguardian-api-1.1.1.jar;C:\Users\devadath.tabeti\.m2\repository\io\cucumber\cucumber-junit\6.10.2\cucumber-junit-6.10.2.jar;C:\Users\devadath.tabeti\.m2\repository\io\cucumber\datatable-matchers\3.4.0\datatable-matchers-3.4.0.jar;C:\Users\devadath.tabeti\.m2\repository\io\cucumber\datatable\3.4.0\datatable-3.4.0.jar;C:\Users\devadath.tabeti\.m2\repository\commons-logging\commons-logging\1.2\commons-logging-1.2.jar;C:\Users\devadath.tabeti\.m2\repository\org\apache\commons\commons-csv\1.5\commons-csv-1.5.jar;C:\Users\devadath.tabeti\.m2\repository\net\serenity-bdd\serenity-screenplay\2.4.24\serenity-screenplay-2.4.24.jar;C:\Users\devadath.tabeti\.m2\repository\net\serenity-bdd\serenity-screenplay-webdriver\2.4.24\serenity-screenplay-webdriver-2.4.24.jar;C:\Users\devadath.tabeti\.m2\repository\net\serenity-bdd\serenity-ensure\2.4.24\serenity-ensure-2.4.24.jar;C:\Users\devadath.tabeti\.m2\repository\net\serenity-bdd\serenity-junit\2.4.24\serenity-junit-2.4.24.jar;C:\Users\devadath.tabeti\.m2\repository\org\jetbrains\kotlin\kotlin-stdlib\1.4.31\kotlin-stdlib-1.4.31.jar;C:\Users\devadath.tabeti\.m2\repository\org\jetbrains\kotlin\kotlin-stdlib-common\1.4.31\kotlin-stdlib-common-1.4.31.jar;C:\Users\devadath.tabeti\.m2\repository\org\jetbrains\annotations\13.0\annotations-13.0.jar;C:\Users\devadath.tabeti\.m2\repository\junit\junit\4.13.2\junit-4.13.2.jar;C:\Users\devadath.tabeti\.m2\repository\org\hamcrest\hamcrest-core\1.3\hamcrest-core-1.3.jar;C:\Users\devadath.tabeti\.m2\repository\ch\qos\logback\logback-classic\1.0.13\logback-classic-1.0.13.jar;C:\Users\devadath.tabeti\.m2\repository\ch\qos\logback\logback-core\1.0.13\logback-core-1.0.13.jar;C:\Users\devadath.tabeti\.m2\repository\org\assertj\assertj-core\3.6.2\assertj-core-3.6.2.jar;C:\Users\devadath.tabeti\.m2\repository\com\deque\axe-selenium\3.0\axe-selenium-3.0.jar;C:\Users\devadath.tabeti\.m2\repository\org\json\json\20160212\json-20160212.jar;C:\Users\devadath.tabeti\.m2\repository\org\slf4j\slf4j-api\1.7.32\slf4j-api-1.7.32.jar;"/>
    <property name="sun.cpu.endian" value="little"/>
    <property name="user.home" value="C:\Users\devadath.tabeti"/>
    <property name="user.language" value="en"/>
    <property name="java.specification.vendor" value="Oracle Corporation"/>
    <property name="java.version.date" value="2021-04-20"/>
    <property name="java.home" value="C:\Program Files\Java\jdk-11.0.11"/>
    <property name="file.separator" value="\"/>
    <property name="basedir" value="C:\Users\devadath.tabeti\techTest"/>
    <property name="java.vm.compressedOopsMode" value="32-bit"/>
    <property name="line.separator" value="&#10;"/>
    <property name="java.specification.name" value="Java Platform API Specification"/>
    <property name="java.vm.specification.vendor" value="Oracle Corporation"/>
    <property name="java.awt.graphicsenv" value="sun.awt.Win32GraphicsEnvironment"/>
    <property name="surefire.real.class.path" value="C:\Users\DEVADA~1.TAB\AppData\Local\Temp\surefire14538128916582241256\surefirebooter13022959202234345340.jar"/>
    <property name="user.script" value=""/>
    <property name="java.protocol.handler.pkgs" value="com.google.common"/>
    <property name="sun.management.compiler" value="HotSpot 64-Bit Tiered Compilers"/>
    <property name="java.runtime.version" value="11.0.11+9-LTS-194"/>
    <property name="user.name" value="devadath.tabeti"/>
    <property name="path.separator" value=";"/>
    <property name="os.version" value="10.0"/>
    <property name="java.runtime.name" value="Java(TM) SE Runtime Environment"/>
    <property name="file.encoding" value="Cp1252"/>
    <property name="webdriver.base.url" value=""/>
    <property name="java.vm.name" value="Java HotSpot(TM) 64-Bit Server VM"/>
    <property name="java.vendor.version" value="18.9"/>
    <property name="localRepository" value="C:\Users\devadath.tabeti\.m2\repository"/>
    <property name="java.vendor.url.bug" value="https://bugreport.java.com/bugreport/"/>
    <property name="java.io.tmpdir" value="C:\Users\DEVADA~1.TAB\AppData\Local\Temp\"/>
    <property name="java.version" value="11.0.11"/>
    <property name="user.dir" value="C:\Users\devadath.tabeti\techTest"/>
    <property name="os.arch" value="amd64"/>
    <property name="webdriver.gecko.driver" value="C:\Users\devadath.tabeti\techTest\src\test\resources\webdriver\windows\geckodriver.exe"/>
    <property name="java.vm.specification.name" value="Java Virtual Machine Specification"/>
    <property name="java.awt.printerjob" value="sun.awt.windows.WPrinterJob"/>
    <property name="sun.os.patch.level" value=""/>
    <property name="java.library.path" value="C:\Program Files\Java\jdk-11.0.11\bin;C:\Windows\Sun\Java\bin;C:\Windows\system32;C:\Windows;C:\Program Files\Common Files\Oracle\Java\javapath;C:\Program Files (x86)\Common Files\Oracle\Java\javapath;C:\Windows\system32;C:\Windows;C:\Windows\System32\Wbem;C:\Windows\System32\WindowsPowerShell\v1.0\;C:\Windows\System32\OpenSSH\;C:\Users\devadath.tabeti\ACP;C:\Program Files\Amazon\AWSCLIV2\;C:\Program Files\apache-maven-3.6.3\bin;C:\Program Files\Java\jdk-11.0.11\bin;C:\Program Files\nodejs\;C:\Program Files\drone\1.2.4;C:\Program Files\PostgreSQL\13\bin;C:\Program Files\Go\;C:\Program Files\Go\bin;C:\Program Files (x86)\PDFtk Server\bin\;C:\drivers;C:\Program Files\Docker\Docker\resources\bin;C:\ProgramData\DockerDesktop\version-bin;C:\Program Files\Notepad++;C:\Program Files\Microsoft SQL Server\Client SDK\ODBC\170\Tools\Binn\;C:\Program Files (x86)\Microsoft SQL Server\150\Tools\Binn\;C:\Program Files\Microsoft SQL Server\150\Tools\Binn\;C:\Program Files\Microsoft SQL Server\150\DTS\Binn\;C:\Program Files (x86)\Microsoft SQL Server\150\DTS\Binn\;C:\Program Files\Azure Data Studio\bin;C:\Program Files (x86)\Intel\Intel(R) Management Engine Components\DAL;C:\Program Files\Intel\Intel(R) Management Engine Components\DAL;C:\Users\devadath.tabeti\ACP\projects\ludus-ui-automation\src\test\resources\webdriver\windows;C:\Program Files\PuTTY\;C:\Program Files\Git\cmd;C:\Users\devadath.tabeti\scoop\shims;C:\Users\devadath.tabeti\AppData\Local\Microsoft\WindowsApps;C:\Users\devadath.tabeti\ACP;C:\Program Files\apache-maven-3.6.3\bin;C:\Program Files\Java\jdk-11.0.11\bin;C:\Users\devadath.tabeti\AppData\Local\atom\bin;C:\Users\devadath.tabeti\AppData\Roaming\npm;C:\Users\devadath.tabeti\AppData\Local\Programs\Microsoft VS Code\bin;C:\Program Files\drone\1.2.4\;C:\Users\devadath.tabeti\Documents\WindowsPowerShell\Scripts;C:\Program Files\PostgreSQL\13\bin;C:\Program Files\Go\bin;C:\Users\devadath.tabeti\go\bin;C:\drivers;C:\Program Files\Notepad++;C:\Program Files\Azure Data Studio\bin;C:\Users\devadath.tabeti\ACP\projects\ludus-ui-automation\src\test\resources\webdriver\windows;;."/>
    <property name="java.vendor" value="Oracle Corporation"/>
    <property name="java.vm.info" value="mixed mode"/>
    <property name="java.vm.version" value="11.0.11+9-LTS-194"/>
    <property name="sun.io.unicode.encoding" value="UnicodeLittle"/>
    <property name="java.class.version" value="55.0"/>
  </properties>
  <testcase name="Read input file for Car registrations, obtain results from cartaxcheck.com" classname="Car check" time="37.379">
    <failure message="The search for registration number BW57BOW from inputfile found no results " type="java.lang.AssertionError">java.lang.AssertionError: The search for registration number BW57BOW from inputfile found no results 
</failure>
    <system-out><![CDATA[16:32:56.685 [pool-1-thread-1] INFO  i.c.core.plugin.SerenityReporter - Running feature from file:///C:/Users/devadath.tabeti/techTest/src/test/resources/features/freeCarCheck.feature
16:32:57.157 [pool-1-thread-1] INFO   - 

-------------------------------------------------------------------------------------
     _______. _______ .______       _______ .__   __.  __  .___________.____    ____ 
    /       ||   ____||   _  \     |   ____||  \ |  | |  | |           |\   \  /   / 
   |   (----`|  |__   |  |_)  |    |  |__   |   \|  | |  | `---|  |----` \   \/   /  
    \   \    |   __|  |      /     |   __|  |  . `  | |  |     |  |       \_    _/   
.----)   |   |  |____ |  |\  \----.|  |____ |  |\   | |  |     |  |         |  |     
|_______/    |_______|| _| `._____||_______||__| \__| |__|     |__|         |__|    
                                                                                     
 News and tutorials at http://www.serenity-bdd.info                                  
 Documentation at https://wakaleo.gitbooks.io/the-serenity-book/content/             
 Join the Serenity Community on Gitter: https://gitter.im/serenity-bdd/serenity-core 
 Serenity BDD Support and Training at http://serenity-bdd.info/#/trainingandsupport  
-------------------------------------------------------------------------------------

16:33:35.562 [pool-1-thread-1] ERROR  - 
  _____   ___   ___   _____     ___     _     ___   _      ___   ___  
 |_   _| | __| / __| |_   _|   | __|   /_\   |_ _| | |    | __| |   \ 
   | |   | _|  \__ \   | |     | _|   / _ \   | |  | |__  | _|  | |) |
   |_|   |___| |___/   |_|     |_|   /_/ \_\ |___| |____| |___| |___/ 

Read input file for Car registrations, obtain results from cartaxcheck.com
-----------------------------------------------------------------------
16:33:36.457 [pool-1-thread-1] ERROR  -     Test failed at step: And verify that search for all registrations from input file found vehicle data
16:33:36.458 [pool-1-thread-1] ERROR  -     The search for registration number BW57BOW from inputfile found no results
16:34:06.353 [pool-1-thread-1] ERROR  - 
  _____   ___   ___   _____     ___     _     ___   _      ___   ___  
 |_   _| | __| / __| |_   _|   | __|   /_\   |_ _| | |    | __| |   \ 
   | |   | _|  \__ \   | |     | _|   / _ \   | |  | |__  | _|  | |) |
   |_|   |___| |___/   |_|     |_|   /_/ \_\ |___| |____| |___| |___/ 

Read input file for Car registrations, obtain information from cartaxcheck.com and verify against the output file
-----------------------------------------------------------------------
16:34:06.354 [pool-1-thread-1] ERROR  -     Test failed at step: Then the vehicle data from cartaxcheck is verified against outputfile
16:34:06.354 [pool-1-thread-1] ERROR  -     No value present -- The registration BW57BOF found in output file but not found in the inputfile :
16:34:35.427 [pool-1-thread-1] ERROR  - 
  _____   ___   ___   _____     ___     _     ___   _      ___   ___  
 |_   _| | __| / __| |_   _|   | __|   /_\   |_ _| | |    | __| |   \ 
   | |   | _|  \__ \   | |     | _|   / _ \   | |  | |__  | _|  | |) |
   |_|   |___| |___/   |_|     |_|   /_/ \_\ |___| |____| |___| |___/ 

Read input file for Car registrations, obtain information from cartaxcheck.com and verify against the output file
-----------------------------------------------------------------------
16:34:35.428 [pool-1-thread-1] ERROR  -     Test failed at step: Then the vehicle data from cartaxcheck is verified against outputfile
16:34:35.428 [pool-1-thread-1] ERROR  -     No value present -- The registration BW57BOF found in output file but not found in the inputfile :

&amp#27;[31mFailed scenarios:&amp#27;[0m
file:///C:/Users/devadath.tabeti/techTest/src/test/resources/features/freeCarCheck.feature:9 # Read input file for Car registrations, obtain results from cartaxcheck.com
file:///C:/Users/devadath.tabeti/techTest/src/test/resources/features/freeCarCheck.feature:19 # Read input file for Car registrations, obtain information from cartaxcheck.com and verify against the output file
file:///C:/Users/devadath.tabeti/techTest/src/test/resources/features/freeCarCheck.feature:20 # Read input file for Car registrations, obtain information from cartaxcheck.com and verify against the output file

4 Scenarios (&amp#27;[31m3 failed&amp#27;[0m, &amp#27;[32m1 passed&amp#27;[0m)
15 Steps (&amp#27;[31m3 failed&amp#27;[0m, &amp#27;[32m12 passed&amp#27;[0m)
2m7.707s


java.lang.AssertionError: The search for registration number BW57BOW from inputfile found no results 
	at org.junit.Assert.fail(Assert.java:89)
	at org.junit.Assert.assertTrue(Assert.java:42)
	at org.junit.Assert.assertFalse(Assert.java:65)
	at com.techTest.page.CarTaxCheckPage.lambda$runAssertionForRegistrationSearchResults$1(CarTaxCheckPage.java:73)
	at java.base/java.util.HashMap.forEach(HashMap.java:1336)
	at com.techTest.page.CarTaxCheckPage.runAssertionForRegistrationSearchResults(CarTaxCheckPage.java:73)
	at com.techTest.steps.CarCheckStepdefs.verifyThatSearchForAllRegistrationsFromInputFileFoundVehicleData(CarCheckStepdefs.java:35)
	at ?.verify that search for all registrations from input file found vehicle data(file:///C:/Users/devadath.tabeti/techTest/src/test/resources/features/freeCarCheck.feature:6)

java.lang.AssertionError: No value present -- The registration BW57BOF found in output file but not found in the inputfile : 
	at org.junit.Assert.fail(Assert.java:89)
	at com.techTest.page.CarTaxCheckPage.runAssertionInputVsOutput(CarTaxCheckPage.java:101)
	at com.techTest.steps.CarCheckStepdefs.theVehicleDataFromCartaxcheckIsVerifiedAgainstOutputfile(CarCheckStepdefs.java:44)
	at ?.the vehicle data from cartaxcheck is verified against outputfile(file:///C:/Users/devadath.tabeti/techTest/src/test/resources/features/freeCarCheck.feature:16)

org.junit.ComparisonFailure: For registration BW57BOF from output file colour --  expected:<[black]> but was:<[red]>
	at org.junit.Assert.assertEquals(Assert.java:117)
	at com.techTest.page.CarTaxCheckPage.runAssertionInputVsOutput(CarTaxCheckPage.java:98)
	at com.techTest.steps.CarCheckStepdefs.theVehicleDataFromCartaxcheckIsVerifiedAgainstOutputfile(CarCheckStepdefs.java:44)
	at ?.the vehicle data from cartaxcheck is verified against outputfile(file:///C:/Users/devadath.tabeti/techTest/src/test/resources/features/freeCarCheck.feature:16)


16:35:04.597 [pool-1-thread-1] INFO  n.t.core.reports.ReportService - net.thucydides.core.reports.json.JSONTestOutcomeReporter@115c7ed7: Generating report for test outcome: Car check:Read input file for Car registrations, obtain results from cartaxcheck.com
16:35:04.597 [pool-1-thread-2] INFO  n.t.core.reports.ReportService - net.thucydides.core.reports.json.JSONTestOutcomeReporter@115c7ed7: Generating report for test outcome: Car check:Read input file for Car registrations, obtain information from cartaxcheck.com and verify against the output file
16:35:04.667 [pool-2-thread-2] INFO  n.t.core.reports.ReportService - net.thucydides.core.reports.html.HtmlAcceptanceTestReporter@4f5ec2b9: Generating report for test outcome: Car check:Read input file for Car registrations, obtain information from cartaxcheck.com and verify against the output file
16:35:04.666 [pool-2-thread-1] INFO  n.t.core.reports.ReportService - net.thucydides.core.reports.html.HtmlAcceptanceTestReporter@4f5ec2b9: Generating report for test outcome: Car check:Read input file for Car registrations, obtain results from cartaxcheck.com
16:35:06.795 [pool-1-thread-1] INFO  i.c.core.plugin.SerenityReporter - Cleanup test resources for URI file:///C:/Users/devadath.tabeti/techTest/src/test/resources/features/freeCarCheck.feature

Scenario Outline: Read input file for Car registrations, obtain results from cartaxcheck.com &amp#27;[90m# src/test/resources/features/freeCarCheck.feature:9&amp#27;[0m
16:32:57.449 [pool-1-thread-1] INFO  i.c.core.plugin.SerenityReporter - Running feature from file:///C:/Users/devadath.tabeti/techTest/src/test/resources/features/freeCarCheck.feature
  &amp#27;[32mGiven &amp#27;[0m&amp#27;[32mthe input file &amp#27;[0m&amp#27;[32m&amp#27;[1m"car_input1.txt"&amp#27;[0m&amp#27;[32m contains car registrations&amp#27;[0m                           &amp#27;[90m# com.techTest.steps.CarCheckStepdefs.theInputFileContainCarRegistrations(java.lang.String)&amp#27;[0m
16:32:58.173 [pool-1-thread-1] INFO  n.s.c.w.d.ChromeDriverProvider - Using automatically driver download
16:32:58.983 [pool-1-thread-1] INFO  i.g.bonigarcia.wdm.WebDriverManager - Using chromedriver 107.0.5304.62 (resolved driver for Chrome 107)
16:32:59.011 [pool-1-thread-1] INFO  i.g.bonigarcia.wdm.WebDriverManager - Exporting webdriver.chrome.driver as C:\Users\devadath.tabeti\.cache\selenium\chromedriver\win32\107.0.5304.62\chromedriver.exe
16:32:59.719 [pool-1-thread-1] INFO  n.s.c.w.d.ProvideNewDriver - Instantiating driver
16:32:59.726 [pool-1-thread-1] INFO  n.s.c.w.d.ProvideNewDriver - Driver capabilities: Capabilities {acceptInsecureCerts: false, browserName: chrome, chrome.switches: --no-sandbox,--disable-dev-..., goog:chromeOptions: {args: [--no-sandbox, --disable-dev-shm-usage, --start-maximized], extensions: []}, loggingPrefs: org.openqa.selenium.logging...}
********* data from search [{colour=black, year=2009, registered=15 jun 2009, registration=dn09hrm, model=320d se, v5c issue date=13 jul 2022, make=bmw}, {colour=, year=, registered=, registration=bw57bow, model=, v5c issue date=, make=}, {colour=white, year=2017, registered=20 jul 2017, registration=kt17dlx, model=superb sportline tdi s-a, v5c issue date=04 jan 2018, make=skoda}, {colour=white, year=2018, registered=19 mar 2018, registration=sg18htn, model=golf se navigation tsi evo, v5c issue date=23 sep 2021, make=volkswagen}]
  &amp#27;[32mWhen &amp#27;[0m&amp#27;[32mthe vehicle identities data are obtained from cartaxcheck&amp#27;[0m                             &amp#27;[90m# com.techTest.steps.CarCheckStepdefs.theVehicleIdentitiesAreObtainedFromCarTaxCheck()&amp#27;[0m
  &amp#27;[31mAnd &amp#27;[0m&amp#27;[31mverify that search for all registrations from input file found vehicle data&amp#27;[0m            &amp#27;[90m# com.techTest.steps.CarCheckStepdefs.verifyThatSearchForAllRegistrationsFromInputFileFoundVehicleData()&amp#27;[0m
      &amp#27;[31mjava.lang.AssertionError: The search for registration number BW57BOW from inputfile found no results 
	at org.junit.Assert.fail(Assert.java:89)
	at org.junit.Assert.assertTrue(Assert.java:42)
	at org.junit.Assert.assertFalse(Assert.java:65)
	at com.techTest.page.CarTaxCheckPage.lambda$runAssertionForRegistrationSearchResults$1(CarTaxCheckPage.java:73)
	at java.base/java.util.HashMap.forEach(HashMap.java:1336)
	at com.techTest.page.CarTaxCheckPage.runAssertionForRegistrationSearchResults(CarTaxCheckPage.java:73)
	at com.techTest.steps.CarCheckStepdefs.verifyThatSearchForAllRegistrationsFromInputFileFoundVehicleData(CarCheckStepdefs.java:35)
	at âœ½.verify that search for all registrations from input file found vehicle data(file:///C:/Users/devadath.tabeti/techTest/src/test/resources/features/freeCarCheck.feature:6)
&amp#27;[0m
]]></system-out>
    <system-err><![CDATA[Starting ChromeDriver 107.0.5304.62 (1eec40d3a5764881c92085aaee66d25075c159aa-refs/branch-heads/5304@{#942}) on port 42405
Only local connections are allowed.
Please see https://chromedriver.chromium.org/security-considerations for suggestions on keeping ChromeDriver safe.
ChromeDriver was started successfully.
Nov 06, 2022 4:33:05 PM org.openqa.selenium.remote.ProtocolHandshake createSession
INFO: Detected dialect: W3C
]]></system-err>
  </testcase>
  <testcase name="Read input file for Car registrations, obtain information from cartaxcheck.com and verify against the output file #1" classname="Car check" time="29.052">
    <failure message="No value present -- The registration BW57BOF found in output file but not found in the inputfile : " type="java.lang.AssertionError">java.lang.AssertionError: No value present -- The registration BW57BOF found in output file but not found in the inputfile : 
</failure>
    <system-out><![CDATA[
Scenario Outline: Read input file for Car registrations, obtain information from cartaxcheck.com and verify against the output file &amp#27;[90m# src/test/resources/features/freeCarCheck.feature:19&amp#27;[0m
16:33:36.472 [pool-1-thread-1] INFO  i.c.core.plugin.SerenityReporter - Running feature from file:///C:/Users/devadath.tabeti/techTest/src/test/resources/features/freeCarCheck.feature
  &amp#27;[32mGiven &amp#27;[0m&amp#27;[32mthe input file &amp#27;[0m&amp#27;[32m&amp#27;[1m"car_input1.txt"&amp#27;[0m&amp#27;[32m contains car registrations&amp#27;[0m                                                                  &amp#27;[90m# com.techTest.steps.CarCheckStepdefs.theInputFileContainCarRegistrations(java.lang.String)&amp#27;[0m
16:33:36.527 [pool-1-thread-1] INFO  n.s.c.w.d.ChromeDriverProvider - Using automatically driver download
16:33:36.561 [pool-1-thread-1] INFO  i.g.bonigarcia.wdm.WebDriverManager - Using chromedriver 107.0.5304.62 (resolved driver for Chrome 107)
16:33:36.580 [pool-1-thread-1] INFO  i.g.bonigarcia.wdm.WebDriverManager - Exporting webdriver.chrome.driver as C:\Users\devadath.tabeti\.cache\selenium\chromedriver\win32\107.0.5304.62\chromedriver.exe
16:33:36.892 [pool-1-thread-1] INFO  n.s.c.w.d.ProvideNewDriver - Instantiating driver
16:33:36.892 [pool-1-thread-1] INFO  n.s.c.w.d.ProvideNewDriver - Driver capabilities: Capabilities {acceptInsecureCerts: false, browserName: chrome, chrome.switches: --no-sandbox,--disable-dev-..., goog:chromeOptions: {args: [--no-sandbox, --disable-dev-shm-usage, --start-maximized], extensions: []}, loggingPrefs: org.openqa.selenium.logging...}
********* data from search [{colour=black, year=2009, registered=15 jun 2009, registration=dn09hrm, model=320d se, v5c issue date=13 jul 2022, make=bmw}, {colour=, year=, registered=, registration=bw57bow, model=, v5c issue date=, make=}, {colour=white, year=2017, registered=20 jul 2017, registration=kt17dlx, model=superb sportline tdi s-a, v5c issue date=04 jan 2018, make=skoda}, {colour=white, year=2018, registered=19 mar 2018, registration=sg18htn, model=golf se navigation tsi evo, v5c issue date=23 sep 2021, make=volkswagen}]
  &amp#27;[32mWhen &amp#27;[0m&amp#27;[32mthe vehicle identities data are obtained from cartaxcheck&amp#27;[0m                                                                    &amp#27;[90m# com.techTest.steps.CarCheckStepdefs.theVehicleIdentitiesAreObtainedFromCarTaxCheck()&amp#27;[0m
********* data from output file [{colour=white, year=2018, registration=sg18htn, model=golf se navigation tsi evo, make=volkswagen}, {colour=black, year=2009, registration=dn09hrm, model=320d se, make=bmw}, {colour=black, year=2010, registration=bw57bof, model=yaris t2, make=toyota}, {colour=white, year=2017, registration=kt17dlx, model=superb sportline tdi s-a, make=skoda}]
  &amp#27;[32mAnd &amp#27;[0m&amp#27;[32mthe vehicle data is obtained output file &amp#27;[0m&amp#27;[32m&amp#27;[1m"car_output1.txt"&amp#27;[0m                                                                    &amp#27;[90m# com.techTest.steps.CarCheckStepdefs.theVehicleIdentitiesAreVerifiedAgainstOutPutFile(java.lang.String)&amp#27;[0m
  &amp#27;[31mThen &amp#27;[0m&amp#27;[31mthe vehicle data from cartaxcheck is verified against outputfile&amp#27;[0m                                                             &amp#27;[90m# com.techTest.steps.CarCheckStepdefs.theVehicleDataFromCartaxcheckIsVerifiedAgainstOutputfile()&amp#27;[0m
      &amp#27;[31mjava.lang.AssertionError: No value present -- The registration BW57BOF found in output file but not found in the inputfile : 
	at org.junit.Assert.fail(Assert.java:89)
	at com.techTest.page.CarTaxCheckPage.runAssertionInputVsOutput(CarTaxCheckPage.java:101)
	at com.techTest.steps.CarCheckStepdefs.theVehicleDataFromCartaxcheckIsVerifiedAgainstOutputfile(CarCheckStepdefs.java:44)
	at âœ½.the vehicle data from cartaxcheck is verified against outputfile(file:///C:/Users/devadath.tabeti/techTest/src/test/resources/features/freeCarCheck.feature:16)
&amp#27;[0m
]]></system-out>
    <system-err><![CDATA[Starting ChromeDriver 107.0.5304.62 (1eec40d3a5764881c92085aaee66d25075c159aa-refs/branch-heads/5304@{#942}) on port 4273
Only local connections are allowed.
Please see https://chromedriver.chromium.org/security-considerations for suggestions on keeping ChromeDriver safe.
ChromeDriver was started successfully.
Nov 06, 2022 4:33:38 PM org.openqa.selenium.remote.ProtocolHandshake createSession
INFO: Detected dialect: W3C
]]></system-err>
  </testcase>
  <testcase name="Read input file for Car registrations, obtain information from cartaxcheck.com and verify against the output file #2" classname="Car check" time="28.247">
    <failure message="For registration BW57BOF from output file colour --  expected:&lt;[black]&gt; but was:&lt;[red]&gt;" type="org.junit.ComparisonFailure"><![CDATA[org.junit.ComparisonFailure: For registration BW57BOF from output file colour --  expected:<[black]> but was:<[red]>
]]></failure>
    <system-out><![CDATA[
Scenario Outline: Read input file for Car registrations, obtain information from cartaxcheck.com and verify against the output file &amp#27;[90m# src/test/resources/features/freeCarCheck.feature:20&amp#27;[0m
16:34:06.359 [pool-1-thread-1] INFO  i.c.core.plugin.SerenityReporter - Running feature from file:///C:/Users/devadath.tabeti/techTest/src/test/resources/features/freeCarCheck.feature
  &amp#27;[32mGiven &amp#27;[0m&amp#27;[32mthe input file &amp#27;[0m&amp#27;[32m&amp#27;[1m"car_input2.txt"&amp#27;[0m&amp#27;[32m contains car registrations&amp#27;[0m                                                                  &amp#27;[90m# com.techTest.steps.CarCheckStepdefs.theInputFileContainCarRegistrations(java.lang.String)&amp#27;[0m
16:34:06.369 [pool-1-thread-1] INFO  n.s.c.w.d.ChromeDriverProvider - Using automatically driver download
16:34:06.384 [pool-1-thread-1] INFO  i.g.bonigarcia.wdm.WebDriverManager - Using chromedriver 107.0.5304.62 (resolved driver for Chrome 107)
16:34:06.391 [pool-1-thread-1] INFO  i.g.bonigarcia.wdm.WebDriverManager - Exporting webdriver.chrome.driver as C:\Users\devadath.tabeti\.cache\selenium\chromedriver\win32\107.0.5304.62\chromedriver.exe
16:34:06.598 [pool-1-thread-1] INFO  n.s.c.w.d.ProvideNewDriver - Instantiating driver
16:34:06.598 [pool-1-thread-1] INFO  n.s.c.w.d.ProvideNewDriver - Driver capabilities: Capabilities {acceptInsecureCerts: false, browserName: chrome, chrome.switches: --no-sandbox,--disable-dev-..., goog:chromeOptions: {args: [--no-sandbox, --disable-dev-shm-usage, --start-maximized], extensions: []}, loggingPrefs: org.openqa.selenium.logging...}
********* data from search [{colour=black, year=2009, registered=15 jun 2009, registration=dn09hrm, model=320d se, v5c issue date=13 jul 2022, make=bmw}, {colour=red, year=2008, registered=18 feb 2008, registration=bw57bof, model=yaris t2, v5c issue date=29 jul 2022, make=toyota}, {colour=white, year=2017, registered=20 jul 2017, registration=kt17dlx, model=superb sportline tdi s-a, v5c issue date=04 jan 2018, make=skoda}, {colour=white, year=2018, registered=19 mar 2018, registration=sg18htn, model=golf se navigation tsi evo, v5c issue date=23 sep 2021, make=volkswagen}]
  &amp#27;[32mWhen &amp#27;[0m&amp#27;[32mthe vehicle identities data are obtained from cartaxcheck&amp#27;[0m                                                                    &amp#27;[90m# com.techTest.steps.CarCheckStepdefs.theVehicleIdentitiesAreObtainedFromCarTaxCheck()&amp#27;[0m
********* data from output file [{colour=white, year=2018, registration=sg18htn, model=golf se navigation tsi evo, make=volkswagen}, {colour=black, year=2009, registration=dn09hrm, model=320d se, make=bmw}, {colour=black, year=2010, registration=bw57bof, model=yaris t2, make=toyota}, {colour=white, year=2017, registration=kt17dlx, model=superb sportline tdi s-a, make=skoda}]
  &amp#27;[32mAnd &amp#27;[0m&amp#27;[32mthe vehicle data is obtained output file &amp#27;[0m&amp#27;[32m&amp#27;[1m"car_output1.txt"&amp#27;[0m                                                                    &amp#27;[90m# com.techTest.steps.CarCheckStepdefs.theVehicleIdentitiesAreVerifiedAgainstOutPutFile(java.lang.String)&amp#27;[0m
  &amp#27;[31mThen &amp#27;[0m&amp#27;[31mthe vehicle data from cartaxcheck is verified against outputfile&amp#27;[0m                                                             &amp#27;[90m# com.techTest.steps.CarCheckStepdefs.theVehicleDataFromCartaxcheckIsVerifiedAgainstOutputfile()&amp#27;[0m
      &amp#27;[31morg.junit.ComparisonFailure: For registration BW57BOF from output file colour --  expected:<[black]> but was:<[red]>
	at org.junit.Assert.assertEquals(Assert.java:117)
	at com.techTest.page.CarTaxCheckPage.runAssertionInputVsOutput(CarTaxCheckPage.java:98)
	at com.techTest.steps.CarCheckStepdefs.theVehicleDataFromCartaxcheckIsVerifiedAgainstOutputfile(CarCheckStepdefs.java:44)
	at âœ½.the vehicle data from cartaxcheck is verified against outputfile(file:///C:/Users/devadath.tabeti/techTest/src/test/resources/features/freeCarCheck.feature:16)
&amp#27;[0m
]]></system-out>
    <system-err><![CDATA[Starting ChromeDriver 107.0.5304.62 (1eec40d3a5764881c92085aaee66d25075c159aa-refs/branch-heads/5304@{#942}) on port 48271
Only local connections are allowed.
Please see https://chromedriver.chromium.org/security-considerations for suggestions on keeping ChromeDriver safe.
ChromeDriver was started successfully.
Nov 06, 2022 4:34:07 PM org.openqa.selenium.remote.ProtocolHandshake createSession
INFO: Detected dialect: W3C
]]></system-err>
  </testcase>
  <testcase name="Read input file for Car registrations, obtain information from cartaxcheck.com and verify against the output file #3" classname="Car check" time="28.935"/>
</testsuite>